Vivado Simulator 2018.3
Copyright 1986-1999, 2001-2018 Xilinx, Inc. All Rights Reserved.
Running: C:/Xilinx/Vivado/2018.3/bin/unwrapped/win64.o/xelab.exe -wto 71b4fbf45e8d4cd8a900d9cc442352b0 --incr --debug typical --relax --mt 2 -L xil_defaultlib -L secureip --snapshot top_module_jpeg_compression_tb_behav xil_defaultlib.top_module_jpeg_compression_tb -log elaborate.log 
Using 2 slave threads.
Starting static elaboration
Completed static elaboration
Starting simulation data flow analysis
Completed simulation data flow analysis
Time Resolution for simulation is 1ps
Compiling package std.standard
Compiling package std.textio
Compiling package ieee.std_logic_1164
Compiling package ieee.numeric_std
Compiling package ieee.math_real
Compiling package ieee.std_logic_textio
Compiling package xil_defaultlib.dct_package
Compiling package xil_defaultlib.jpeg_type_pkg
Compiling architecture rtl of entity xil_defaultlib.rgb_to_ycbcr_converter [rgb_to_ycbcr_converter_default]
Compiling architecture rtl of entity xil_defaultlib.simple_dual_ram [\simple_dual_ram(addr_width=8)\]
Compiling architecture rtl of entity xil_defaultlib.memory_controller [memory_controller_default]
Compiling architecture rtl of entity xil_defaultlib.dct_transform [dct_transform_default]
Compiling architecture rtl of entity xil_defaultlib.dct_transform_streaming [dct_transform_streaming_default]
Compiling architecture rtl of entity xil_defaultlib.quantization [quantization_default]
Compiling architecture rtl of entity xil_defaultlib.quant_block_buf [quant_block_buf_default]
Compiling architecture rtl of entity xil_defaultlib.zigzag_encoding [zigzag_encoding_default]
Compiling architecture rtl of entity xil_defaultlib.top_module_jpeg_compression [top_module_jpeg_compression_defa...]
Compiling architecture rtl of entity xil_defaultlib.top_module_jpeg_compression_tb
Built simulation snapshot top_module_jpeg_compression_tb_behav
