Copyright 1986-2019 Xilinx, Inc. All Rights Reserved.
------------------------------------------------------------------------------------------------------------------
| Tool Version : Vivado v.2018.3.1 (win64) Build 2489853 Tue Mar 26 04:20:25 MDT 2019
| Date         : Sun Jan 18 17:33:32 2026
| Host         : DESKTOP-I7K0TLI running 64-bit major release  (build 9200)
| Command      : report_drc -file top_level_drc_opted.rpt -pb top_level_drc_opted.pb -rpx top_level_drc_opted.rpx
| Design       : top_level
| Device       : xc7z020clg484-1
| Speed File   : -1
| Design State : Synthesized
------------------------------------------------------------------------------------------------------------------

Report DRC

Table of Contents
-----------------
1. REPORT SUMMARY
2. REPORT DETAILS

1. REPORT SUMMARY
-----------------
            Netlist: netlist
          Floorplan: checkpoint_top_level
      Design limits: <entire design considered>
           Ruledeck: default
             Max violations: <unlimited>
             Violations found: 4
+---------+------------------+----------------------------+------------+
| Rule    | Severity         | Description                | Violations |
+---------+------------------+----------------------------+------------+
| NSTD-1  | Critical Warning | Unspecified I/O Standard   | 1          |
| UCIO-1  | Critical Warning | Unconstrained Logical Port | 1          |
| IOCNT-1 | Warning          | Number of IOs              | 1          |
| ZPS7-1  | Warning          | PS7 block required         | 1          |
+---------+------------------+----------------------------+------------+

2. REPORT DETAILS
-----------------
NSTD-1#1 Critical Warning
Unspecified I/O Standard  
1026 out of 1026 logical ports use I/O standard (IOSTANDARD) value 'DEFAULT', instead of a user assigned specific value. This may cause I/O contention or incompatibility with the board power or connectivity affecting performance, signal integrity or in extreme cases cause damage to the device or the components to which it is connected. To correct this violation, specify all I/O standards. This design will fail to generate a bitstream unless all logical ports have a user specified I/O standard value defined. To allow bitstream creation with unspecified I/O standard values (not recommended), use this command: set_property SEVERITY {Warning} [get_drc_checks NSTD-1].  NOTE: When using the Vivado Runs infrastructure (e.g. launch_runs Tcl command), add this command to a .tcl file and add that file as a pre-hook for write_bitstream step for the implementation run. Problem ports: zigzag_out[0][15:0], zigzag_out[10][15:0], zigzag_out[11][15:0], zigzag_out[12][15:0], zigzag_out[13][15:0], zigzag_out[14][15:0], zigzag_out[15][15:0], zigzag_out[16][15:0], zigzag_out[17][15:0], zigzag_out[18][15:0], zigzag_out[19][15:0], zigzag_out[1][15:0], zigzag_out[20][15:0], zigzag_out[21][15:0], zigzag_out[22][15:0] (the first 15 of 66 listed).
Related violations: <none>

UCIO-1#1 Critical Warning
Unconstrained Logical Port  
1026 out of 1026 logical ports have no user assigned specific location constraint (LOC). This may cause I/O contention or incompatibility with the board power or connectivity affecting performance, signal integrity or in extreme cases cause damage to the device or the components to which it is connected. To correct this violation, specify all pin locations. This design will fail to generate a bitstream unless all logical ports have a user specified site LOC constraint defined.  To allow bitstream creation with unspecified pin locations (not recommended), use this command: set_property SEVERITY {Warning} [get_drc_checks UCIO-1].  NOTE: When using the Vivado Runs infrastructure (e.g. launch_runs Tcl command), add this command to a .tcl file and add that file as a pre-hook for write_bitstream step for the implementation run.  Problem ports: zigzag_out[0][15:0], zigzag_out[10][15:0], zigzag_out[11][15:0], zigzag_out[12][15:0], zigzag_out[13][15:0], zigzag_out[14][15:0], zigzag_out[15][15:0], zigzag_out[16][15:0], zigzag_out[17][15:0], zigzag_out[18][15:0], zigzag_out[19][15:0], zigzag_out[1][15:0], zigzag_out[20][15:0], zigzag_out[21][15:0], zigzag_out[22][15:0] (the first 15 of 66 listed).
Related violations: <none>

IOCNT-1#1 Warning
Number of IOs  
The design contains 1026 unplaced I/O ports while the target device, xc7z020clg484-1, has 200 remaining available user I/O pins. This DRC assumes that all ports which do not drive MGT pins should be placed on user I/O pins. To correct this issue:
1. Ensure you are targeting the correct device and package. Select a larger device or different package if necessary.
2. Check the top-level ports of the design to ensure the correct number of ports are specified.
3. Consider design changes to reduce the number of user I/O pins needed.

Related violations: <none>

ZPS7-1#1 Warning
PS7 block required  
The PS7 cell must be used in this Zynq design in order to enable correct default configuration.
Related violations: <none>


