Copyright 1986-2019 Xilinx, Inc. All Rights Reserved.
------------------------------------------------------------------------------------------------------------------------------------------------------------------------
| Tool Version : Vivado v.2018.3.1 (win64) Build 2489853 Tue Mar 26 04:20:25 MDT 2019
| Date         : Thu Apr 23 19:11:36 2026
| Host         : DESKTOP-I7K0TLI running 64-bit major release  (build 9200)
| Command      : report_drc -file top_module_jpeg_compression_drc_opted.rpt -pb top_module_jpeg_compression_drc_opted.pb -rpx top_module_jpeg_compression_drc_opted.rpx
| Design       : top_module_jpeg_compression
| Device       : xc7z020clg484-1
| Speed File   : -1
| Design State : Synthesized
------------------------------------------------------------------------------------------------------------------------------------------------------------------------

Report DRC

Table of Contents
-----------------
1. REPORT SUMMARY
2. REPORT DETAILS

1. REPORT SUMMARY
-----------------
            Netlist: netlist
          Floorplan: design_1
      Design limits: <entire design considered>
           Ruledeck: default
             Max violations: <unlimited>
             Violations found: 31
+---------+------------------+----------------------------+------------+
| Rule    | Severity         | Description                | Violations |
+---------+------------------+----------------------------+------------+
| UTLZ-1  | Error            | Resource utilization       | 3          |
| NSTD-1  | Critical Warning | Unspecified I/O Standard   | 1          |
| UCIO-1  | Critical Warning | Unconstrained Logical Port | 1          |
| DPIP-1  | Warning          | Input pipelining           | 10         |
| DPOP-1  | Warning          | PREG Output pipelining     | 7          |
| DPOP-2  | Warning          | MREG Output pipelining     | 7          |
| IOCNT-1 | Warning          | Number of IOs              | 1          |
| ZPS7-1  | Warning          | PS7 block required         | 1          |
+---------+------------------+----------------------------+------------+

2. REPORT DETAILS
-----------------
UTLZ-1#1 Error
Resource utilization  - PBlock:ROOT
CARRY4 over-utilized in Top Level Design (This design requires more CARRY4 cells than are available in the target device. This design requires 21012 of such cell types but only 13300 compatible sites are available in the target device. Please analyze your synthesis results and constraints to ensure the design is mapped to Xilinx primitives as expected. If so, please consider targeting a larger device.)ROOT
Related violations: <none>

UTLZ-1#2 Error
Resource utilization  - PBlock:ROOT
LUT as Logic over-utilized in Top Level Design (This design requires more LUT as Logic cells than are available in the target device. This design requires 163329 of such cell types but only 53200 compatible sites are available in the target device. Please analyze your synthesis results and constraints to ensure the design is mapped to Xilinx primitives as expected. If so, please consider targeting a larger device. Please set tcl parameter "drc.disableLUTOverUtilError" to 1 to change this error to warning.)ROOT
Related violations: <none>

UTLZ-1#3 Error
Resource utilization  - PBlock:ROOT
Slice LUTs over-utilized in Top Level Design (This design requires more Slice LUTs cells than are available in the target device. This design requires 163329 of such cell types but only 53200 compatible sites are available in the target device. Please analyze your synthesis results and constraints to ensure the design is mapped to Xilinx primitives as expected. If so, please consider targeting a larger device. Please set tcl parameter "drc.disableLUTOverUtilError" to 1 to change this error to warning.)ROOT
Related violations: <none>

NSTD-1#1 Critical Warning
Unspecified I/O Standard  
286 out of 286 logical ports use I/O standard (IOSTANDARD) value 'DEFAULT', instead of a user assigned specific value. This may cause I/O contention or incompatibility with the board power or connectivity affecting performance, signal integrity or in extreme cases cause damage to the device or the components to which it is connected. To correct this violation, specify all I/O standards. This design will fail to generate a bitstream unless all logical ports have a user specified I/O standard value defined. To allow bitstream creation with unspecified I/O standard values (not recommended), use this command: set_property SEVERITY {Warning} [get_drc_checks NSTD-1].  NOTE: When using the Vivado Runs infrastructure (e.g. launch_runs Tcl command), add this command to a .tcl file and add that file as a pre-hook for write_bitstream step for the implementation run. Problem ports: B[7:0], G[7:0], R[7:0], stream_out[255:0], clk, finish, i_valid, p_valid, reset, valid.
Related violations: <none>

UCIO-1#1 Critical Warning
Unconstrained Logical Port  
286 out of 286 logical ports have no user assigned specific location constraint (LOC). This may cause I/O contention or incompatibility with the board power or connectivity affecting performance, signal integrity or in extreme cases cause damage to the device or the components to which it is connected. To correct this violation, specify all pin locations. This design will fail to generate a bitstream unless all logical ports have a user specified site LOC constraint defined.  To allow bitstream creation with unspecified pin locations (not recommended), use this command: set_property SEVERITY {Warning} [get_drc_checks UCIO-1].  NOTE: When using the Vivado Runs infrastructure (e.g. launch_runs Tcl command), add this command to a .tcl file and add that file as a pre-hook for write_bitstream step for the implementation run.  Problem ports: B[7:0], G[7:0], R[7:0], stream_out[255:0], clk, finish, i_valid, p_valid, reset, valid.
Related violations: <none>

DPIP-1#1 Warning
Input pipelining  
DSP U_DCT/U_DCT/acc13 input U_DCT/U_DCT/acc13/B[17:0] is not pipelined. Pipelining DSP48 input will improve performance.
Related violations: <none>

DPIP-1#2 Warning
Input pipelining  
DSP U_DCT/U_DCT/acc13__0 input U_DCT/U_DCT/acc13__0/B[17:0] is not pipelined. Pipelining DSP48 input will improve performance.
Related violations: <none>

DPIP-1#3 Warning
Input pipelining  
DSP U_DCT/U_DCT/acc23 input U_DCT/U_DCT/acc23/B[17:0] is not pipelined. Pipelining DSP48 input will improve performance.
Related violations: <none>

DPIP-1#4 Warning
Input pipelining  
DSP U_DCT/U_DCT/acc23__0 input U_DCT/U_DCT/acc23__0/B[17:0] is not pipelined. Pipelining DSP48 input will improve performance.
Related violations: <none>

DPIP-1#5 Warning
Input pipelining  
DSP U_DCT/U_DCT/acc4 input U_DCT/U_DCT/acc4/A[29:0] is not pipelined. Pipelining DSP48 input will improve performance.
Related violations: <none>

DPIP-1#6 Warning
Input pipelining  
DSP U_DCT/U_DCT/acc4 input U_DCT/U_DCT/acc4/B[17:0] is not pipelined. Pipelining DSP48 input will improve performance.
Related violations: <none>

DPIP-1#7 Warning
Input pipelining  
DSP U_DCT/U_DCT/acc4__0 input U_DCT/U_DCT/acc4__0/A[29:0] is not pipelined. Pipelining DSP48 input will improve performance.
Related violations: <none>

DPIP-1#8 Warning
Input pipelining  
DSP U_DCT/U_DCT/acc4__0 input U_DCT/U_DCT/acc4__0/B[17:0] is not pipelined. Pipelining DSP48 input will improve performance.
Related violations: <none>

DPIP-1#9 Warning
Input pipelining  
DSP U_DCT/U_DCT/acc8 input U_DCT/U_DCT/acc8/A[29:0] is not pipelined. Pipelining DSP48 input will improve performance.
Related violations: <none>

DPIP-1#10 Warning
Input pipelining  
DSP U_DCT/U_DCT/acc8 input U_DCT/U_DCT/acc8/B[17:0] is not pipelined. Pipelining DSP48 input will improve performance.
Related violations: <none>

DPOP-1#1 Warning
PREG Output pipelining  
DSP U_DCT/U_DCT/acc13 output U_DCT/U_DCT/acc13/P[47:0] is not pipelined (PREG=0). Pipelining the DSP48 output will improve performance and often saves power so it is suggested whenever possible to fully pipeline this function.  If this DSP48 function was inferred, it is suggested to describe an additional register stage after this function.  If the DSP48 was instantiated in the design, it is suggested to set the PREG attribute to 1.
Related violations: <none>

DPOP-1#2 Warning
PREG Output pipelining  
DSP U_DCT/U_DCT/acc13__0 output U_DCT/U_DCT/acc13__0/P[47:0] is not pipelined (PREG=0). Pipelining the DSP48 output will improve performance and often saves power so it is suggested whenever possible to fully pipeline this function.  If this DSP48 function was inferred, it is suggested to describe an additional register stage after this function.  If the DSP48 was instantiated in the design, it is suggested to set the PREG attribute to 1.
Related violations: <none>

DPOP-1#3 Warning
PREG Output pipelining  
DSP U_DCT/U_DCT/acc23 output U_DCT/U_DCT/acc23/P[47:0] is not pipelined (PREG=0). Pipelining the DSP48 output will improve performance and often saves power so it is suggested whenever possible to fully pipeline this function.  If this DSP48 function was inferred, it is suggested to describe an additional register stage after this function.  If the DSP48 was instantiated in the design, it is suggested to set the PREG attribute to 1.
Related violations: <none>

DPOP-1#4 Warning
PREG Output pipelining  
DSP U_DCT/U_DCT/acc23__0 output U_DCT/U_DCT/acc23__0/P[47:0] is not pipelined (PREG=0). Pipelining the DSP48 output will improve performance and often saves power so it is suggested whenever possible to fully pipeline this function.  If this DSP48 function was inferred, it is suggested to describe an additional register stage after this function.  If the DSP48 was instantiated in the design, it is suggested to set the PREG attribute to 1.
Related violations: <none>

DPOP-1#5 Warning
PREG Output pipelining  
DSP U_DCT/U_DCT/acc4 output U_DCT/U_DCT/acc4/P[47:0] is not pipelined (PREG=0). Pipelining the DSP48 output will improve performance and often saves power so it is suggested whenever possible to fully pipeline this function.  If this DSP48 function was inferred, it is suggested to describe an additional register stage after this function.  If the DSP48 was instantiated in the design, it is suggested to set the PREG attribute to 1.
Related violations: <none>

DPOP-1#6 Warning
PREG Output pipelining  
DSP U_DCT/U_DCT/acc4__0 output U_DCT/U_DCT/acc4__0/P[47:0] is not pipelined (PREG=0). Pipelining the DSP48 output will improve performance and often saves power so it is suggested whenever possible to fully pipeline this function.  If this DSP48 function was inferred, it is suggested to describe an additional register stage after this function.  If the DSP48 was instantiated in the design, it is suggested to set the PREG attribute to 1.
Related violations: <none>

DPOP-1#7 Warning
PREG Output pipelining  
DSP U_DCT/U_DCT/acc8 output U_DCT/U_DCT/acc8/P[47:0] is not pipelined (PREG=0). Pipelining the DSP48 output will improve performance and often saves power so it is suggested whenever possible to fully pipeline this function.  If this DSP48 function was inferred, it is suggested to describe an additional register stage after this function.  If the DSP48 was instantiated in the design, it is suggested to set the PREG attribute to 1.
Related violations: <none>

DPOP-2#1 Warning
MREG Output pipelining  
DSP U_DCT/U_DCT/acc13 multiplier stage U_DCT/U_DCT/acc13/P[47:0] is not pipelined (MREG=0). Pipelining the multiplier function will improve performance and will save significant power so it is suggested whenever possible to fully pipeline this function.  If this multiplier was inferred, it is suggested to describe an additional register stage after this function.  If there is no registered adder/accumulator following the multiply function, two pipeline stages are suggested to allow both the MREG and PREG registers to be used.  If the DSP48 was instantiated in the design, it is suggested to set both the MREG and PREG attributes to 1 when performing multiply functions.
Related violations: <none>

DPOP-2#2 Warning
MREG Output pipelining  
DSP U_DCT/U_DCT/acc13__0 multiplier stage U_DCT/U_DCT/acc13__0/P[47:0] is not pipelined (MREG=0). Pipelining the multiplier function will improve performance and will save significant power so it is suggested whenever possible to fully pipeline this function.  If this multiplier was inferred, it is suggested to describe an additional register stage after this function.  If there is no registered adder/accumulator following the multiply function, two pipeline stages are suggested to allow both the MREG and PREG registers to be used.  If the DSP48 was instantiated in the design, it is suggested to set both the MREG and PREG attributes to 1 when performing multiply functions.
Related violations: <none>

DPOP-2#3 Warning
MREG Output pipelining  
DSP U_DCT/U_DCT/acc23 multiplier stage U_DCT/U_DCT/acc23/P[47:0] is not pipelined (MREG=0). Pipelining the multiplier function will improve performance and will save significant power so it is suggested whenever possible to fully pipeline this function.  If this multiplier was inferred, it is suggested to describe an additional register stage after this function.  If there is no registered adder/accumulator following the multiply function, two pipeline stages are suggested to allow both the MREG and PREG registers to be used.  If the DSP48 was instantiated in the design, it is suggested to set both the MREG and PREG attributes to 1 when performing multiply functions.
Related violations: <none>

DPOP-2#4 Warning
MREG Output pipelining  
DSP U_DCT/U_DCT/acc23__0 multiplier stage U_DCT/U_DCT/acc23__0/P[47:0] is not pipelined (MREG=0). Pipelining the multiplier function will improve performance and will save significant power so it is suggested whenever possible to fully pipeline this function.  If this multiplier was inferred, it is suggested to describe an additional register stage after this function.  If there is no registered adder/accumulator following the multiply function, two pipeline stages are suggested to allow both the MREG and PREG registers to be used.  If the DSP48 was instantiated in the design, it is suggested to set both the MREG and PREG attributes to 1 when performing multiply functions.
Related violations: <none>

DPOP-2#5 Warning
MREG Output pipelining  
DSP U_DCT/U_DCT/acc4 multiplier stage U_DCT/U_DCT/acc4/P[47:0] is not pipelined (MREG=0). Pipelining the multiplier function will improve performance and will save significant power so it is suggested whenever possible to fully pipeline this function.  If this multiplier was inferred, it is suggested to describe an additional register stage after this function.  If there is no registered adder/accumulator following the multiply function, two pipeline stages are suggested to allow both the MREG and PREG registers to be used.  If the DSP48 was instantiated in the design, it is suggested to set both the MREG and PREG attributes to 1 when performing multiply functions.
Related violations: <none>

DPOP-2#6 Warning
MREG Output pipelining  
DSP U_DCT/U_DCT/acc4__0 multiplier stage U_DCT/U_DCT/acc4__0/P[47:0] is not pipelined (MREG=0). Pipelining the multiplier function will improve performance and will save significant power so it is suggested whenever possible to fully pipeline this function.  If this multiplier was inferred, it is suggested to describe an additional register stage after this function.  If there is no registered adder/accumulator following the multiply function, two pipeline stages are suggested to allow both the MREG and PREG registers to be used.  If the DSP48 was instantiated in the design, it is suggested to set both the MREG and PREG attributes to 1 when performing multiply functions.
Related violations: <none>

DPOP-2#7 Warning
MREG Output pipelining  
DSP U_DCT/U_DCT/acc8 multiplier stage U_DCT/U_DCT/acc8/P[47:0] is not pipelined (MREG=0). Pipelining the multiplier function will improve performance and will save significant power so it is suggested whenever possible to fully pipeline this function.  If this multiplier was inferred, it is suggested to describe an additional register stage after this function.  If there is no registered adder/accumulator following the multiply function, two pipeline stages are suggested to allow both the MREG and PREG registers to be used.  If the DSP48 was instantiated in the design, it is suggested to set both the MREG and PREG attributes to 1 when performing multiply functions.
Related violations: <none>

IOCNT-1#1 Warning
Number of IOs  
The design contains 286 unplaced I/O ports while the target device, xc7z020clg484-1, has 200 remaining available user I/O pins. This DRC assumes that all ports which do not drive MGT pins should be placed on user I/O pins. To correct this issue:
1. Ensure you are targeting the correct device and package. Select a larger device or different package if necessary.
2. Check the top-level ports of the design to ensure the correct number of ports are specified.
3. Consider design changes to reduce the number of user I/O pins needed.

Related violations: <none>

ZPS7-1#1 Warning
PS7 block required  
The PS7 cell must be used in this Zynq design in order to enable correct default configuration.
Related violations: <none>


